2018-09-22 20:10:40: LOG: Export: C:/Users/yeung/OneDrive/DOCUME~1/GameLab/Unity/Mini Game/Temp/Player_Model_01_JY.fbx
2018-09-22 20:10:40: LOG: [WARNING] Unsupported map(s). - The plug-in does not support the following maps and will not export them. 
To learn how to convert them so they export correctly, see Edit > Convert to File Texture in the Maya documentation. checker1
2018-09-22 20:25:35: LOG: Export: C:/Users/yeung/OneDrive/DOCUME~1/GameLab/Unity/Mini Game/Temp/Player_Model_01_JY.fbx
2018-09-22 20:25:35: LOG: [WARNING] Unsupported map(s). - The plug-in does not support the following maps and will not export them. 
To learn how to convert them so they export correctly, see Edit > Convert to File Texture in the Maya documentation. checker1
2018-10-11 17:51:03: LOG: Export: C:/Users/yeung/OneDrive/Documents/maya/projects/Panda/assets/Assets/Panda.fbx
2018-10-11 17:51:03: LOG: [WARNING] Unsupported map(s). - The plug-in does not support the following maps and will not export them. 
To learn how to convert them so they export correctly, see Edit > Convert to File Texture in the Maya documentation. checker2
2018-11-14 18:15:32: LOG: Export: C:/Users/yeung/OneDrive/DOCUME~1/GameLab/Unity/Games_Final/Temp/Spikes.fbx
2018-11-16 15:45:22: LOG: Export: C:/Users/yeung/OneDrive/DOCUME~1/GameLab/Unity/Games_Final/Temp/Player.fbx
2018-11-16 15:45:22: LOG: [WARNING] Unsupported map(s). - The plug-in does not support the following maps and will not export them. 
To learn how to convert them so they export correctly, see Edit > Convert to File Texture in the Maya documentation. checker2
2018-11-17 17:00:16: LOG: Export: C:/Users/yeung/OneDrive/DOCUME~1/GameLab/Unity/Games_Final/Temp/Player.fbx
2018-11-17 17:00:16: LOG: [WARNING] Unsupported map(s). - The plug-in does not support the following maps and will not export them. 
To learn how to convert them so they export correctly, see Edit > Convert to File Texture in the Maya documentation. checker2
2018-11-17 17:24:28: LOG: Export: C:/Users/yeung/OneDrive/DOCUME~1/GameLab/Unity/Games_Final/Temp/Enemy1.fbx
2018-11-21 16:19:00: LOG: Export: C:/Users/yeung/OneDrive/DOCUME~1/GameLab/Unity/Games_Final/Temp/Enemy2.fbx
2018-11-27 17:43:08: LOG: Export: C:/Users/yeung/OneDrive/DOCUME~1/GameLab/Unity/Games_Final/Temp/Enemy1.fbx
2018-11-27 17:43:33: LOG: Export: C:/Users/yeung/OneDrive/DOCUME~1/GameLab/Unity/Games_Final/Temp/Player.fbx
2018-11-27 17:43:33: LOG: [WARNING] Unsupported map(s). - The plug-in does not support the following maps and will not export them. 
To learn how to convert them so they export correctly, see Edit > Convert to File Texture in the Maya documentation. checker2
2018-11-27 17:43:38: LOG: Export: C:/Users/yeung/OneDrive/DOCUME~1/GameLab/Unity/Games_Final/Temp/Spikes.fbx
2018-11-27 17:46:49: LOG: Export: C:/Users/yeung/OneDrive/DOCUME~1/GameLab/Unity/Games_Final/Temp/Player.fbx
2018-11-27 17:46:49: LOG: [WARNING] Unsupported map(s). - The plug-in does not support the following maps and will not export them. 
To learn how to convert them so they export correctly, see Edit > Convert to File Texture in the Maya documentation. checker2
2018-11-27 17:48:50: LOG: Export: C:/Users/yeung/OneDrive/DOCUME~1/GameLab/Unity/Games_Final/Temp/Player.fbx
2018-11-27 17:48:50: LOG: [WARNING] Unsupported map(s). - The plug-in does not support the following maps and will not export them. 
To learn how to convert them so they export correctly, see Edit > Convert to File Texture in the Maya documentation. checker2
2018-11-27 17:52:02: LOG: Export: C:/Users/yeung/OneDrive/DOCUME~1/GameLab/Unity/Games_Final/Temp/Player.fbx
2018-11-27 17:52:02: LOG: [WARNING] Unsupported map(s). - The plug-in does not support the following maps and will not export them. 
To learn how to convert them so they export correctly, see Edit > Convert to File Texture in the Maya documentation. checker2
2018-11-28 11:43:17: LOG: Export: C:/Users/yeung/OneDrive/DOCUME~1/GameLab/Unity/Games_Final/Temp/Spikes 1.fbx
2018-11-28 11:43:38: LOG: Export: C:/Users/yeung/OneDrive/DOCUME~1/GameLab/Unity/Games_Final/Temp/Enemy2.fbx
